Detecting C compiler ABI info failed to compile with the following output:
Change Dir: D:/gitproject/leetCode/cmake-build-debug/CMakeFiles/CMakeTmp

Run Build Command(s):C:/MinGW/bin/mingw32-make.exe -f Makefile cmTC_ccc5c/fast && C:/MinGW/bin/mingw32-make.exe  -f CMakeFiles\cmTC_ccc5c.dir\build.make CMakeFiles/cmTC_ccc5c.dir/build
mingw32-make.exe[1]: Entering directory 'D:/gitproject/leetCode/cmake-build-debug/CMakeFiles/CMakeTmp'
CMakeFiles\cmTC_ccc5c.dir\build.make:76: recipe for target 'CMakeFiles/cmTC_ccc5c.dir/CMakeCCompilerABI.c.obj' failed
process_begin: CreateProcess(C:\Users\wzh\AppData\Local\Temp\make17432-1.bat, C:\Users\wzh\AppData\Local\Temp\make17432-1.bat, ...) failed.
make (e=5): 拒绝访问。
mingw32-make.exe[1]: *** [CMakeFiles/cmTC_ccc5c.dir/CMakeCCompilerABI.c.obj] Error 5
mingw32-make.exe[1]: Leaving directory 'D:/gitproject/leetCode/cmake-build-debug/CMakeFiles/CMakeTmp'
Makefile:126: recipe for target 'cmTC_ccc5c/fast' failed
mingw32-make.exe: *** [cmTC_ccc5c/fast] Error 2




Determining if the C compiler works failed with the following output:
Change Dir: D:/gitproject/leetCode/cmake-build-debug/CMakeFiles/CMakeTmp

Run Build Command(s):C:/MinGW/bin/mingw32-make.exe -f Makefile cmTC_a2b1d/fast && C:/MinGW/bin/mingw32-make.exe  -f CMakeFiles\cmTC_a2b1d.dir\build.make CMakeFiles/cmTC_a2b1d.dir/build
mingw32-make.exe[1]: Entering directory 'D:/gitproject/leetCode/cmake-build-debug/CMakeFiles/CMakeTmp'
CMakeFiles\cmTC_a2b1d.dir\build.make:76: recipe for target 'CMakeFiles/cmTC_a2b1d.dir/testCCompiler.c.obj' failed
process_begin: CreateProcess(C:\Users\wzh\AppData\Local\Temp\make5980-1.bat, C:\Users\wzh\AppData\Local\Temp\make5980-1.bat, ...) failed.
make (e=5): 拒绝访问。
mingw32-make.exe[1]: *** [CMakeFiles/cmTC_a2b1d.dir/testCCompiler.c.obj] Error 5
mingw32-make.exe[1]: Leaving directory 'D:/gitproject/leetCode/cmake-build-debug/CMakeFiles/CMakeTmp'
Makefile:126: recipe for target 'cmTC_a2b1d/fast' failed
mingw32-make.exe: *** [cmTC_a2b1d/fast] Error 2



